[2025-11-24 15:01:23] WARNING: Constant ROOT_PATH already defined in /Applications/XAMPP/xamppfiles/htdocs/p3ku-main/admin/tasks.php on line 10
TRACE: 
----------------------------------------------------------------------
[2025-11-24 15:10:43] WARNING: Constant URL_ROOT already defined in /Applications/XAMPP/xamppfiles/htdocs/p3ku-main/admin/dashboard.php on line 14
TRACE: 
----------------------------------------------------------------------
[2025-11-24 15:10:43] DEPRECATED WARNING: htmlspecialchars(): Passing null to parameter #1 ($string) of type string is deprecated in /Applications/XAMPP/xamppfiles/htdocs/p3ku-main/admin/dashboard.php on line 126
TRACE: 
----------------------------------------------------------------------
[2025-11-24 15:10:43] DEPRECATED WARNING: htmlspecialchars(): Passing null to parameter #1 ($string) of type string is deprecated in /Applications/XAMPP/xamppfiles/htdocs/p3ku-main/admin/dashboard.php on line 132
TRACE: 
----------------------------------------------------------------------
[2025-11-24 15:10:43] DEPRECATED WARNING: htmlspecialchars(): Passing null to parameter #1 ($string) of type string is deprecated in /Applications/XAMPP/xamppfiles/htdocs/p3ku-main/admin/dashboard.php on line 138
TRACE: 
----------------------------------------------------------------------
[2025-11-24 15:10:48] WARNING: Constant ROOT_PATH already defined in /Applications/XAMPP/xamppfiles/htdocs/p3ku-main/admin/createtask.php on line 13
TRACE: 
----------------------------------------------------------------------
[2025-11-24 15:10:49] WARNING: Constant ROOT_PATH already defined in /Applications/XAMPP/xamppfiles/htdocs/p3ku-main/admin/tasks.php on line 10
TRACE: 
----------------------------------------------------------------------
[2025-11-24 15:10:55] WARNING: Constant ROOT_PATH already defined in /Applications/XAMPP/xamppfiles/htdocs/p3ku-main/admin/createtask.php on line 13
TRACE: 
----------------------------------------------------------------------
[2025-11-24 15:11:31] WARNING: Constant ROOT_PATH already defined in /Applications/XAMPP/xamppfiles/htdocs/p3ku-main/admin/tasks.php on line 10
TRACE: 
----------------------------------------------------------------------
[2025-11-24 15:11:32] WARNING: Constant URL_ROOT already defined in /Applications/XAMPP/xamppfiles/htdocs/p3ku-main/admin/dashboard.php on line 14
TRACE: 
----------------------------------------------------------------------
[2025-11-24 15:11:32] DEPRECATED WARNING: htmlspecialchars(): Passing null to parameter #1 ($string) of type string is deprecated in /Applications/XAMPP/xamppfiles/htdocs/p3ku-main/admin/dashboard.php on line 126
TRACE: 
----------------------------------------------------------------------
[2025-11-24 15:11:32] DEPRECATED WARNING: htmlspecialchars(): Passing null to parameter #1 ($string) of type string is deprecated in /Applications/XAMPP/xamppfiles/htdocs/p3ku-main/admin/dashboard.php on line 132
TRACE: 
----------------------------------------------------------------------
[2025-11-24 15:11:32] DEPRECATED WARNING: htmlspecialchars(): Passing null to parameter #1 ($string) of type string is deprecated in /Applications/XAMPP/xamppfiles/htdocs/p3ku-main/admin/dashboard.php on line 138
TRACE: 
----------------------------------------------------------------------
[2025-11-24 15:12:01] WARNING: Constant ROOT_PATH already defined in /Applications/XAMPP/xamppfiles/htdocs/p3ku-main/admin/tasks.php on line 10
TRACE: 
----------------------------------------------------------------------
[2025-11-24 15:12:16] WARNING: Constant URL_ROOT already defined in /Applications/XAMPP/xamppfiles/htdocs/p3ku-main/admin/dashboard.php on line 14
TRACE: 
----------------------------------------------------------------------
[2025-11-24 15:12:16] DEPRECATED WARNING: htmlspecialchars(): Passing null to parameter #1 ($string) of type string is deprecated in /Applications/XAMPP/xamppfiles/htdocs/p3ku-main/admin/dashboard.php on line 126
TRACE: 
----------------------------------------------------------------------
[2025-11-24 15:12:16] DEPRECATED WARNING: htmlspecialchars(): Passing null to parameter #1 ($string) of type string is deprecated in /Applications/XAMPP/xamppfiles/htdocs/p3ku-main/admin/dashboard.php on line 132
TRACE: 
----------------------------------------------------------------------
[2025-11-24 15:12:16] DEPRECATED WARNING: htmlspecialchars(): Passing null to parameter #1 ($string) of type string is deprecated in /Applications/XAMPP/xamppfiles/htdocs/p3ku-main/admin/dashboard.php on line 138
TRACE: 
----------------------------------------------------------------------
[2025-11-24 15:12:17] WARNING: Constant ROOT_PATH already defined in /Applications/XAMPP/xamppfiles/htdocs/p3ku-main/admin/tasks.php on line 10
TRACE: 
----------------------------------------------------------------------
[2025-11-24 15:12:17] WARNING: Constant URL_ROOT already defined in /Applications/XAMPP/xamppfiles/htdocs/p3ku-main/admin/dashboard.php on line 14
TRACE: 
----------------------------------------------------------------------
[2025-11-24 15:12:17] DEPRECATED WARNING: htmlspecialchars(): Passing null to parameter #1 ($string) of type string is deprecated in /Applications/XAMPP/xamppfiles/htdocs/p3ku-main/admin/dashboard.php on line 126
TRACE: 
----------------------------------------------------------------------
[2025-11-24 15:12:17] DEPRECATED WARNING: htmlspecialchars(): Passing null to parameter #1 ($string) of type string is deprecated in /Applications/XAMPP/xamppfiles/htdocs/p3ku-main/admin/dashboard.php on line 132
TRACE: 
----------------------------------------------------------------------
[2025-11-24 15:12:17] DEPRECATED WARNING: htmlspecialchars(): Passing null to parameter #1 ($string) of type string is deprecated in /Applications/XAMPP/xamppfiles/htdocs/p3ku-main/admin/dashboard.php on line 138
TRACE: 
----------------------------------------------------------------------
[2025-11-24 15:12:18] WARNING: Constant ROOT_PATH already defined in /Applications/XAMPP/xamppfiles/htdocs/p3ku-main/admin/tasks.php on line 10
TRACE: 
----------------------------------------------------------------------
[2025-11-24 15:12:35] WARNING: Constant ROOT_PATH already defined in /Applications/XAMPP/xamppfiles/htdocs/p3ku-main/admin/tasks.php on line 10
TRACE: 
----------------------------------------------------------------------
[2025-11-24 15:12:42] WARNING: Constant ROOT_PATH already defined in /Applications/XAMPP/xamppfiles/htdocs/p3ku-main/admin/tasks.php on line 10
TRACE: 
----------------------------------------------------------------------
[2025-11-24 15:12:43] WARNING: Constant URL_ROOT already defined in /Applications/XAMPP/xamppfiles/htdocs/p3ku-main/admin/dashboard.php on line 14
TRACE: 
----------------------------------------------------------------------
[2025-11-24 15:12:43] DEPRECATED WARNING: htmlspecialchars(): Passing null to parameter #1 ($string) of type string is deprecated in /Applications/XAMPP/xamppfiles/htdocs/p3ku-main/admin/dashboard.php on line 126
TRACE: 
----------------------------------------------------------------------
[2025-11-24 15:12:43] DEPRECATED WARNING: htmlspecialchars(): Passing null to parameter #1 ($string) of type string is deprecated in /Applications/XAMPP/xamppfiles/htdocs/p3ku-main/admin/dashboard.php on line 132
TRACE: 
----------------------------------------------------------------------
[2025-11-24 15:12:43] DEPRECATED WARNING: htmlspecialchars(): Passing null to parameter #1 ($string) of type string is deprecated in /Applications/XAMPP/xamppfiles/htdocs/p3ku-main/admin/dashboard.php on line 138
TRACE: 
----------------------------------------------------------------------
[2025-11-24 15:12:45] WARNING: Constant URL_ROOT already defined in /Applications/XAMPP/xamppfiles/htdocs/p3ku-main/admin/dashboard.php on line 14
TRACE: 
----------------------------------------------------------------------
[2025-11-24 15:12:45] DEPRECATED WARNING: htmlspecialchars(): Passing null to parameter #1 ($string) of type string is deprecated in /Applications/XAMPP/xamppfiles/htdocs/p3ku-main/admin/dashboard.php on line 126
TRACE: 
----------------------------------------------------------------------
[2025-11-24 15:12:45] DEPRECATED WARNING: htmlspecialchars(): Passing null to parameter #1 ($string) of type string is deprecated in /Applications/XAMPP/xamppfiles/htdocs/p3ku-main/admin/dashboard.php on line 132
TRACE: 
----------------------------------------------------------------------
[2025-11-24 15:12:45] DEPRECATED WARNING: htmlspecialchars(): Passing null to parameter #1 ($string) of type string is deprecated in /Applications/XAMPP/xamppfiles/htdocs/p3ku-main/admin/dashboard.php on line 138
TRACE: 
----------------------------------------------------------------------
[2025-11-24 15:13:43] WARNING: Constant ROOT_PATH already defined in /Applications/XAMPP/xamppfiles/htdocs/p3ku-main/admin/tasks.php on line 10
TRACE: 
----------------------------------------------------------------------
[2025-11-24 15:13:47] WARNING: Constant URL_ROOT already defined in /Applications/XAMPP/xamppfiles/htdocs/p3ku-main/admin/dashboard.php on line 14
TRACE: 
----------------------------------------------------------------------
[2025-11-24 15:13:47] DEPRECATED WARNING: htmlspecialchars(): Passing null to parameter #1 ($string) of type string is deprecated in /Applications/XAMPP/xamppfiles/htdocs/p3ku-main/admin/dashboard.php on line 126
TRACE: 
----------------------------------------------------------------------
[2025-11-24 15:13:47] DEPRECATED WARNING: htmlspecialchars(): Passing null to parameter #1 ($string) of type string is deprecated in /Applications/XAMPP/xamppfiles/htdocs/p3ku-main/admin/dashboard.php on line 132
TRACE: 
----------------------------------------------------------------------
[2025-11-24 15:13:47] DEPRECATED WARNING: htmlspecialchars(): Passing null to parameter #1 ($string) of type string is deprecated in /Applications/XAMPP/xamppfiles/htdocs/p3ku-main/admin/dashboard.php on line 138
TRACE: 
----------------------------------------------------------------------
[2025-11-24 15:13:48] WARNING: Constant ROOT_PATH already defined in /Applications/XAMPP/xamppfiles/htdocs/p3ku-main/admin/tasks.php on line 10
TRACE: 
----------------------------------------------------------------------
[2025-11-24 15:13:49] WARNING: Constant URL_ROOT already defined in /Applications/XAMPP/xamppfiles/htdocs/p3ku-main/admin/dashboard.php on line 14
TRACE: 
----------------------------------------------------------------------
[2025-11-24 15:13:49] DEPRECATED WARNING: htmlspecialchars(): Passing null to parameter #1 ($string) of type string is deprecated in /Applications/XAMPP/xamppfiles/htdocs/p3ku-main/admin/dashboard.php on line 126
TRACE: 
----------------------------------------------------------------------
[2025-11-24 15:13:49] DEPRECATED WARNING: htmlspecialchars(): Passing null to parameter #1 ($string) of type string is deprecated in /Applications/XAMPP/xamppfiles/htdocs/p3ku-main/admin/dashboard.php on line 132
TRACE: 
----------------------------------------------------------------------
[2025-11-24 15:13:49] DEPRECATED WARNING: htmlspecialchars(): Passing null to parameter #1 ($string) of type string is deprecated in /Applications/XAMPP/xamppfiles/htdocs/p3ku-main/admin/dashboard.php on line 138
TRACE: 
----------------------------------------------------------------------
[2025-11-24 15:13:50] WARNING: Constant ROOT_PATH already defined in /Applications/XAMPP/xamppfiles/htdocs/p3ku-main/admin/tasks.php on line 10
TRACE: 
----------------------------------------------------------------------
[2025-11-24 15:13:52] WARNING: Constant URL_ROOT already defined in /Applications/XAMPP/xamppfiles/htdocs/p3ku-main/admin/dashboard.php on line 14
TRACE: 
----------------------------------------------------------------------
[2025-11-24 15:13:52] DEPRECATED WARNING: htmlspecialchars(): Passing null to parameter #1 ($string) of type string is deprecated in /Applications/XAMPP/xamppfiles/htdocs/p3ku-main/admin/dashboard.php on line 126
TRACE: 
----------------------------------------------------------------------
[2025-11-24 15:13:52] DEPRECATED WARNING: htmlspecialchars(): Passing null to parameter #1 ($string) of type string is deprecated in /Applications/XAMPP/xamppfiles/htdocs/p3ku-main/admin/dashboard.php on line 132
TRACE: 
----------------------------------------------------------------------
[2025-11-24 15:13:52] DEPRECATED WARNING: htmlspecialchars(): Passing null to parameter #1 ($string) of type string is deprecated in /Applications/XAMPP/xamppfiles/htdocs/p3ku-main/admin/dashboard.php on line 138
TRACE: 
----------------------------------------------------------------------
[2025-11-24 15:14:23] WARNING: Constant ROOT_PATH already defined in /Applications/XAMPP/xamppfiles/htdocs/p3ku-main/admin/createtask.php on line 13
TRACE: 
----------------------------------------------------------------------
[2025-11-24 15:14:26] WARNING: Constant URL_ROOT already defined in /Applications/XAMPP/xamppfiles/htdocs/p3ku-main/admin/dashboard.php on line 14
TRACE: 
----------------------------------------------------------------------
[2025-11-24 15:14:26] DEPRECATED WARNING: htmlspecialchars(): Passing null to parameter #1 ($string) of type string is deprecated in /Applications/XAMPP/xamppfiles/htdocs/p3ku-main/admin/dashboard.php on line 126
TRACE: 
----------------------------------------------------------------------
[2025-11-24 15:14:26] DEPRECATED WARNING: htmlspecialchars(): Passing null to parameter #1 ($string) of type string is deprecated in /Applications/XAMPP/xamppfiles/htdocs/p3ku-main/admin/dashboard.php on line 132
TRACE: 
----------------------------------------------------------------------
[2025-11-24 15:14:26] DEPRECATED WARNING: htmlspecialchars(): Passing null to parameter #1 ($string) of type string is deprecated in /Applications/XAMPP/xamppfiles/htdocs/p3ku-main/admin/dashboard.php on line 138
TRACE: 
----------------------------------------------------------------------
[2025-11-24 15:14:27] WARNING: Constant ROOT_PATH already defined in /Applications/XAMPP/xamppfiles/htdocs/p3ku-main/admin/createtask.php on line 13
TRACE: 
----------------------------------------------------------------------
[2025-11-24 15:14:31] WARNING: Constant URL_ROOT already defined in /Applications/XAMPP/xamppfiles/htdocs/p3ku-main/admin/dashboard.php on line 14
TRACE: 
----------------------------------------------------------------------
[2025-11-24 15:14:31] DEPRECATED WARNING: htmlspecialchars(): Passing null to parameter #1 ($string) of type string is deprecated in /Applications/XAMPP/xamppfiles/htdocs/p3ku-main/admin/dashboard.php on line 126
TRACE: 
----------------------------------------------------------------------
[2025-11-24 15:14:31] DEPRECATED WARNING: htmlspecialchars(): Passing null to parameter #1 ($string) of type string is deprecated in /Applications/XAMPP/xamppfiles/htdocs/p3ku-main/admin/dashboard.php on line 132
TRACE: 
----------------------------------------------------------------------
[2025-11-24 15:14:31] DEPRECATED WARNING: htmlspecialchars(): Passing null to parameter #1 ($string) of type string is deprecated in /Applications/XAMPP/xamppfiles/htdocs/p3ku-main/admin/dashboard.php on line 138
TRACE: 
----------------------------------------------------------------------
[2025-11-24 15:14:38] WARNING: Constant ROOT_PATH already defined in /Applications/XAMPP/xamppfiles/htdocs/p3ku-main/admin/tasks.php on line 10
TRACE: 
----------------------------------------------------------------------
[2025-11-24 15:15:55] WARNING: Constant ROOT_PATH already defined in /Applications/XAMPP/xamppfiles/htdocs/p3ku-main/admin/tasks.php on line 10
TRACE: 
----------------------------------------------------------------------
[2025-11-24 15:16:02] WARNING: Constant ROOT_PATH already defined in /Applications/XAMPP/xamppfiles/htdocs/p3ku-main/admin/tasks.php on line 10
TRACE: 
----------------------------------------------------------------------
[2025-11-24 15:16:32] WARNING: Constant ROOT_PATH already defined in /Applications/XAMPP/xamppfiles/htdocs/p3ku-main/admin/tasks.php on line 10
TRACE: 
----------------------------------------------------------------------
[2025-11-24 15:16:34] WARNING: Constant ROOT_PATH already defined in /Applications/XAMPP/xamppfiles/htdocs/p3ku-main/admin/tasks.php on line 10
TRACE: 
----------------------------------------------------------------------
[2025-11-24 15:20:00] WARNING: Constant ROOT_PATH already defined in /Applications/XAMPP/xamppfiles/htdocs/p3ku-main/admin/tasks.php on line 13
TRACE: 
----------------------------------------------------------------------
[2025-11-24 15:20:37] WARNING: Constant ROOT_PATH already defined in /Applications/XAMPP/xamppfiles/htdocs/p3ku-main/admin/tasks.php on line 13
TRACE: 
----------------------------------------------------------------------
[2025-11-24 15:20:41] WARNING: Constant URL_ROOT already defined in /Applications/XAMPP/xamppfiles/htdocs/p3ku-main/admin/dashboard.php on line 14
TRACE: 
----------------------------------------------------------------------
[2025-11-24 15:20:41] DEPRECATED WARNING: htmlspecialchars(): Passing null to parameter #1 ($string) of type string is deprecated in /Applications/XAMPP/xamppfiles/htdocs/p3ku-main/admin/dashboard.php on line 126
TRACE: 
----------------------------------------------------------------------
[2025-11-24 15:20:41] DEPRECATED WARNING: htmlspecialchars(): Passing null to parameter #1 ($string) of type string is deprecated in /Applications/XAMPP/xamppfiles/htdocs/p3ku-main/admin/dashboard.php on line 132
TRACE: 
----------------------------------------------------------------------
[2025-11-24 15:20:41] DEPRECATED WARNING: htmlspecialchars(): Passing null to parameter #1 ($string) of type string is deprecated in /Applications/XAMPP/xamppfiles/htdocs/p3ku-main/admin/dashboard.php on line 138
TRACE: 
----------------------------------------------------------------------
[2025-11-24 15:21:03] WARNING: Constant ROOT_PATH already defined in /Applications/XAMPP/xamppfiles/htdocs/p3ku-main/admin/tasks.php on line 13
TRACE: 
----------------------------------------------------------------------
[2025-11-24 15:21:04] WARNING: Constant URL_ROOT already defined in /Applications/XAMPP/xamppfiles/htdocs/p3ku-main/admin/dashboard.php on line 14
TRACE: 
----------------------------------------------------------------------
[2025-11-24 15:21:04] DEPRECATED WARNING: htmlspecialchars(): Passing null to parameter #1 ($string) of type string is deprecated in /Applications/XAMPP/xamppfiles/htdocs/p3ku-main/admin/dashboard.php on line 126
TRACE: 
----------------------------------------------------------------------
[2025-11-24 15:21:04] DEPRECATED WARNING: htmlspecialchars(): Passing null to parameter #1 ($string) of type string is deprecated in /Applications/XAMPP/xamppfiles/htdocs/p3ku-main/admin/dashboard.php on line 132
TRACE: 
----------------------------------------------------------------------
[2025-11-24 15:21:04] DEPRECATED WARNING: htmlspecialchars(): Passing null to parameter #1 ($string) of type string is deprecated in /Applications/XAMPP/xamppfiles/htdocs/p3ku-main/admin/dashboard.php on line 138
TRACE: 
----------------------------------------------------------------------
[2025-11-24 15:21:07] WARNING: Constant URL_ROOT already defined in /Applications/XAMPP/xamppfiles/htdocs/p3ku-main/admin/dashboard.php on line 14
TRACE: 
----------------------------------------------------------------------
[2025-11-24 15:21:07] DEPRECATED WARNING: htmlspecialchars(): Passing null to parameter #1 ($string) of type string is deprecated in /Applications/XAMPP/xamppfiles/htdocs/p3ku-main/admin/dashboard.php on line 126
TRACE: 
----------------------------------------------------------------------
[2025-11-24 15:21:07] DEPRECATED WARNING: htmlspecialchars(): Passing null to parameter #1 ($string) of type string is deprecated in /Applications/XAMPP/xamppfiles/htdocs/p3ku-main/admin/dashboard.php on line 132
TRACE: 
----------------------------------------------------------------------
[2025-11-24 15:21:07] DEPRECATED WARNING: htmlspecialchars(): Passing null to parameter #1 ($string) of type string is deprecated in /Applications/XAMPP/xamppfiles/htdocs/p3ku-main/admin/dashboard.php on line 138
TRACE: 
----------------------------------------------------------------------
[2025-11-24 15:21:08] WARNING: Constant ROOT_PATH already defined in /Applications/XAMPP/xamppfiles/htdocs/p3ku-main/admin/tasks.php on line 13
TRACE: 
----------------------------------------------------------------------
[2025-11-24 15:21:20] WARNING: Constant URL_ROOT already defined in /Applications/XAMPP/xamppfiles/htdocs/p3ku-main/admin/dashboard.php on line 14
TRACE: 
----------------------------------------------------------------------
[2025-11-24 15:21:20] DEPRECATED WARNING: htmlspecialchars(): Passing null to parameter #1 ($string) of type string is deprecated in /Applications/XAMPP/xamppfiles/htdocs/p3ku-main/admin/dashboard.php on line 126
TRACE: 
----------------------------------------------------------------------
[2025-11-24 15:21:20] DEPRECATED WARNING: htmlspecialchars(): Passing null to parameter #1 ($string) of type string is deprecated in /Applications/XAMPP/xamppfiles/htdocs/p3ku-main/admin/dashboard.php on line 132
TRACE: 
----------------------------------------------------------------------
[2025-11-24 15:21:20] DEPRECATED WARNING: htmlspecialchars(): Passing null to parameter #1 ($string) of type string is deprecated in /Applications/XAMPP/xamppfiles/htdocs/p3ku-main/admin/dashboard.php on line 138
TRACE: 
----------------------------------------------------------------------
[2025-11-24 15:21:23] WARNING: Constant URL_ROOT already defined in /Applications/XAMPP/xamppfiles/htdocs/p3ku-main/admin/dashboard.php on line 14
TRACE: 
----------------------------------------------------------------------
[2025-11-24 15:21:23] DEPRECATED WARNING: htmlspecialchars(): Passing null to parameter #1 ($string) of type string is deprecated in /Applications/XAMPP/xamppfiles/htdocs/p3ku-main/admin/dashboard.php on line 126
TRACE: 
----------------------------------------------------------------------
[2025-11-24 15:21:23] DEPRECATED WARNING: htmlspecialchars(): Passing null to parameter #1 ($string) of type string is deprecated in /Applications/XAMPP/xamppfiles/htdocs/p3ku-main/admin/dashboard.php on line 132
TRACE: 
----------------------------------------------------------------------
[2025-11-24 15:21:23] DEPRECATED WARNING: htmlspecialchars(): Passing null to parameter #1 ($string) of type string is deprecated in /Applications/XAMPP/xamppfiles/htdocs/p3ku-main/admin/dashboard.php on line 138
TRACE: 
----------------------------------------------------------------------
[2025-11-24 15:21:24] WARNING: Constant ROOT_PATH already defined in /Applications/XAMPP/xamppfiles/htdocs/p3ku-main/admin/tasks.php on line 13
TRACE: 
----------------------------------------------------------------------
[2025-11-24 15:21:53] WARNING: Constant URL_ROOT already defined in /Applications/XAMPP/xamppfiles/htdocs/p3ku-main/admin/dashboard.php on line 14
TRACE: 
----------------------------------------------------------------------
[2025-11-24 15:21:53] DEPRECATED WARNING: htmlspecialchars(): Passing null to parameter #1 ($string) of type string is deprecated in /Applications/XAMPP/xamppfiles/htdocs/p3ku-main/admin/dashboard.php on line 126
TRACE: 
----------------------------------------------------------------------
[2025-11-24 15:21:53] DEPRECATED WARNING: htmlspecialchars(): Passing null to parameter #1 ($string) of type string is deprecated in /Applications/XAMPP/xamppfiles/htdocs/p3ku-main/admin/dashboard.php on line 132
TRACE: 
----------------------------------------------------------------------
[2025-11-24 15:21:53] DEPRECATED WARNING: htmlspecialchars(): Passing null to parameter #1 ($string) of type string is deprecated in /Applications/XAMPP/xamppfiles/htdocs/p3ku-main/admin/dashboard.php on line 138
TRACE: 
----------------------------------------------------------------------
[2025-11-24 15:21:55] WARNING: Constant ROOT_PATH already defined in /Applications/XAMPP/xamppfiles/htdocs/p3ku-main/admin/tasks.php on line 13
TRACE: 
----------------------------------------------------------------------
[2025-11-24 15:22:34] WARNING: Constant URL_ROOT already defined in /Applications/XAMPP/xamppfiles/htdocs/p3ku-main/admin/dashboard.php on line 14
TRACE: 
----------------------------------------------------------------------
[2025-11-24 15:22:34] DEPRECATED WARNING: htmlspecialchars(): Passing null to parameter #1 ($string) of type string is deprecated in /Applications/XAMPP/xamppfiles/htdocs/p3ku-main/admin/dashboard.php on line 126
TRACE: 
----------------------------------------------------------------------
[2025-11-24 15:22:34] DEPRECATED WARNING: htmlspecialchars(): Passing null to parameter #1 ($string) of type string is deprecated in /Applications/XAMPP/xamppfiles/htdocs/p3ku-main/admin/dashboard.php on line 132
TRACE: 
----------------------------------------------------------------------
[2025-11-24 15:22:34] DEPRECATED WARNING: htmlspecialchars(): Passing null to parameter #1 ($string) of type string is deprecated in /Applications/XAMPP/xamppfiles/htdocs/p3ku-main/admin/dashboard.php on line 138
TRACE: 
----------------------------------------------------------------------
[2025-11-24 15:22:35] WARNING: Constant ROOT_PATH already defined in /Applications/XAMPP/xamppfiles/htdocs/p3ku-main/admin/tasks.php on line 13
TRACE: 
----------------------------------------------------------------------
[2025-11-24 15:22:49] WARNING: Constant URL_ROOT already defined in /Applications/XAMPP/xamppfiles/htdocs/p3ku-main/admin/dashboard.php on line 14
TRACE: 
----------------------------------------------------------------------
[2025-11-24 15:22:49] DEPRECATED WARNING: htmlspecialchars(): Passing null to parameter #1 ($string) of type string is deprecated in /Applications/XAMPP/xamppfiles/htdocs/p3ku-main/admin/dashboard.php on line 126
TRACE: 
----------------------------------------------------------------------
[2025-11-24 15:22:49] DEPRECATED WARNING: htmlspecialchars(): Passing null to parameter #1 ($string) of type string is deprecated in /Applications/XAMPP/xamppfiles/htdocs/p3ku-main/admin/dashboard.php on line 132
TRACE: 
----------------------------------------------------------------------
[2025-11-24 15:22:49] DEPRECATED WARNING: htmlspecialchars(): Passing null to parameter #1 ($string) of type string is deprecated in /Applications/XAMPP/xamppfiles/htdocs/p3ku-main/admin/dashboard.php on line 138
TRACE: 
----------------------------------------------------------------------
[2025-11-24 15:22:51] WARNING: Constant ROOT_PATH already defined in /Applications/XAMPP/xamppfiles/htdocs/p3ku-main/admin/tasks.php on line 13
TRACE: 
----------------------------------------------------------------------
[2025-11-24 15:22:56] WARNING: Constant URL_ROOT already defined in /Applications/XAMPP/xamppfiles/htdocs/p3ku-main/admin/dashboard.php on line 14
TRACE: 
----------------------------------------------------------------------
[2025-11-24 15:22:56] DEPRECATED WARNING: htmlspecialchars(): Passing null to parameter #1 ($string) of type string is deprecated in /Applications/XAMPP/xamppfiles/htdocs/p3ku-main/admin/dashboard.php on line 126
TRACE: 
----------------------------------------------------------------------
[2025-11-24 15:22:56] DEPRECATED WARNING: htmlspecialchars(): Passing null to parameter #1 ($string) of type string is deprecated in /Applications/XAMPP/xamppfiles/htdocs/p3ku-main/admin/dashboard.php on line 132
TRACE: 
----------------------------------------------------------------------
[2025-11-24 15:22:56] DEPRECATED WARNING: htmlspecialchars(): Passing null to parameter #1 ($string) of type string is deprecated in /Applications/XAMPP/xamppfiles/htdocs/p3ku-main/admin/dashboard.php on line 138
TRACE: 
----------------------------------------------------------------------
[2025-11-24 15:22:59] WARNING: Constant ROOT_PATH already defined in /Applications/XAMPP/xamppfiles/htdocs/p3ku-main/admin/tasks.php on line 13
TRACE: 
----------------------------------------------------------------------
[2025-11-24 15:23:01] WARNING: Constant URL_ROOT already defined in /Applications/XAMPP/xamppfiles/htdocs/p3ku-main/admin/dashboard.php on line 14
TRACE: 
----------------------------------------------------------------------
[2025-11-24 15:23:01] DEPRECATED WARNING: htmlspecialchars(): Passing null to parameter #1 ($string) of type string is deprecated in /Applications/XAMPP/xamppfiles/htdocs/p3ku-main/admin/dashboard.php on line 126
TRACE: 
----------------------------------------------------------------------
[2025-11-24 15:23:01] DEPRECATED WARNING: htmlspecialchars(): Passing null to parameter #1 ($string) of type string is deprecated in /Applications/XAMPP/xamppfiles/htdocs/p3ku-main/admin/dashboard.php on line 132
TRACE: 
----------------------------------------------------------------------
[2025-11-24 15:23:01] DEPRECATED WARNING: htmlspecialchars(): Passing null to parameter #1 ($string) of type string is deprecated in /Applications/XAMPP/xamppfiles/htdocs/p3ku-main/admin/dashboard.php on line 138
TRACE: 
----------------------------------------------------------------------
[2025-11-24 15:23:03] WARNING: Constant ROOT_PATH already defined in /Applications/XAMPP/xamppfiles/htdocs/p3ku-main/admin/createtask.php on line 13
TRACE: 
----------------------------------------------------------------------
[2025-11-24 15:23:04] WARNING: Constant URL_ROOT already defined in /Applications/XAMPP/xamppfiles/htdocs/p3ku-main/admin/dashboard.php on line 14
TRACE: 
----------------------------------------------------------------------
[2025-11-24 15:23:04] DEPRECATED WARNING: htmlspecialchars(): Passing null to parameter #1 ($string) of type string is deprecated in /Applications/XAMPP/xamppfiles/htdocs/p3ku-main/admin/dashboard.php on line 126
TRACE: 
----------------------------------------------------------------------
[2025-11-24 15:23:04] DEPRECATED WARNING: htmlspecialchars(): Passing null to parameter #1 ($string) of type string is deprecated in /Applications/XAMPP/xamppfiles/htdocs/p3ku-main/admin/dashboard.php on line 132
TRACE: 
----------------------------------------------------------------------
[2025-11-24 15:23:04] DEPRECATED WARNING: htmlspecialchars(): Passing null to parameter #1 ($string) of type string is deprecated in /Applications/XAMPP/xamppfiles/htdocs/p3ku-main/admin/dashboard.php on line 138
TRACE: 
----------------------------------------------------------------------
[2025-11-24 15:23:04] WARNING: Constant ROOT_PATH already defined in /Applications/XAMPP/xamppfiles/htdocs/p3ku-main/admin/createtask.php on line 13
TRACE: 
----------------------------------------------------------------------
[2025-11-24 15:23:05] WARNING: Constant ROOT_PATH already defined in /Applications/XAMPP/xamppfiles/htdocs/p3ku-main/admin/tasks.php on line 13
TRACE: 
----------------------------------------------------------------------
[2025-11-24 15:23:08] WARNING: Constant URL_ROOT already defined in /Applications/XAMPP/xamppfiles/htdocs/p3ku-main/admin/dashboard.php on line 14
TRACE: 
----------------------------------------------------------------------
[2025-11-24 15:23:08] DEPRECATED WARNING: htmlspecialchars(): Passing null to parameter #1 ($string) of type string is deprecated in /Applications/XAMPP/xamppfiles/htdocs/p3ku-main/admin/dashboard.php on line 126
TRACE: 
----------------------------------------------------------------------
[2025-11-24 15:23:08] DEPRECATED WARNING: htmlspecialchars(): Passing null to parameter #1 ($string) of type string is deprecated in /Applications/XAMPP/xamppfiles/htdocs/p3ku-main/admin/dashboard.php on line 132
TRACE: 
----------------------------------------------------------------------
[2025-11-24 15:23:08] DEPRECATED WARNING: htmlspecialchars(): Passing null to parameter #1 ($string) of type string is deprecated in /Applications/XAMPP/xamppfiles/htdocs/p3ku-main/admin/dashboard.php on line 138
TRACE: 
----------------------------------------------------------------------
[2025-11-24 15:23:36] NOTICE: session_start(): Ignoring session_start() because a session is already active in /Applications/XAMPP/xamppfiles/htdocs/p3ku-main/loginView.php on line 6
TRACE: 
----------------------------------------------------------------------
[2025-11-24 15:25:00] NOTICE: session_start(): Ignoring session_start() because a session is already active in /Applications/XAMPP/xamppfiles/htdocs/p3ku-main/loginView.php on line 6
TRACE: 
----------------------------------------------------------------------
[2025-11-24 15:27:35] NOTICE: session_start(): Ignoring session_start() because a session is already active in /Applications/XAMPP/xamppfiles/htdocs/p3ku-main/loginView.php on line 6
TRACE: 
----------------------------------------------------------------------
